<?xml version="1.0" encoding="UTF-8"?>
<testsuite xmlns:xsi="http://www.w3.org/2001/XMLSchema-instance" xsi:noNamespaceSchemaLocation="https://maven.apache.org/surefire/maven-surefire-plugin/xsd/surefire-test-report-3.0.xsd" version="3.0" name="com.application.payment.DemoApplicationTests" time="3.643" tests="1" errors="0" skipped="0" failures="0">
  <properties>
[...]
</properties>
  <testcase name="contextLoads" classname="com.application.payment.DemoApplicationTests" time="0.715">
    <system-out><![CDATA[
  .   ____          _            __ _ _
 /\\ / ___'_ __ _ _(_)_ __  __ _ \ \ \ \
( ( )\___ | '_ | '_| | '_ \/ _` | \ \ \ \
 \\/  ___)| |_)| | | | | || (_| |  ) ) ) )
  '  |____| .__|_| |_|_| |_\__, | / / / /
 =========|_|==============|___/=/_/_/_/

 :: Spring Boot ::                (v3.3.4)

2024-10-24T06:39:36.397Z  INFO 6654 --- [demo] [           main] c.a.payment.DemoApplicationTests         : Starting DemoApplicationTests using Java 21.0.4 with PID 6654 (started by codespace in /workspaces/Parking-Garage-Management/payment-service-sbapp)
2024-10-24T06:39:36.402Z  INFO 6654 --- [demo] [           main] c.a.payment.DemoApplicationTests         : The following 1 profile is active: "native"
2024-10-24T06:39:36.435Z DEBUG 6654 --- [demo] [           main] o.s.w.c.s.GenericWebApplicationContext   : Refreshing org.springframework.web.context.support.GenericWebApplicationContext@332f25c8
2024-10-24T06:39:37.643Z DEBUG 6654 --- [demo] [           main] s.w.s.m.m.a.RequestMappingHandlerMapping : 2 mappings in 'requestMappingHandlerMapping'
2024-10-24T06:39:37.705Z DEBUG 6654 --- [demo] [           main] o.s.w.s.handler.SimpleUrlHandlerMapping  : Patterns [/webjars/**, /**] in 'resourceHandlerMapping'
2024-10-24T06:39:37.795Z DEBUG 6654 --- [demo] [           main] s.w.s.m.m.a.RequestMappingHandlerAdapter : ControllerAdvice beans: 0 @ModelAttribute, 0 @InitBinder, 1 RequestBodyAdvice, 1 ResponseBodyAdvice
2024-10-24T06:39:37.823Z DEBUG 6654 --- [demo] [           main] .m.m.a.ExceptionHandlerExceptionResolver : ControllerAdvice beans: 0 @ExceptionHandler, 1 ResponseBodyAdvice
2024-10-24T06:39:38.134Z  WARN 6654 --- [demo] [           main] .s.s.UserDetailsServiceAutoConfiguration : 

Using generated security password: a2f8cdef-58d6-4c56-a84a-6abf103350f3

This generated password is for development use only. Your security configuration must be updated before running your application in production.

2024-10-24T06:39:38.152Z  INFO 6654 --- [demo] [           main] r$InitializeUserDetailsManagerConfigurer : Global AuthenticationManager configured with UserDetailsService bean with name inMemoryUserDetailsManager
2024-10-24T06:39:38.225Z  INFO 6654 --- [demo] [           main] o.s.b.a.e.web.EndpointLinksResolver      : Exposing 1 endpoint beneath base path '/actuator'
2024-10-24T06:39:38.234Z DEBUG 6654 --- [demo] [           main] o.s.s.web.DefaultSecurityFilterChain     : Will secure any request with filters: DisableEncodeUrlFilter, WebAsyncManagerIntegrationFilter, SecurityContextHolderFilter, HeaderWriterFilter, CorsFilter, CsrfFilter, LogoutFilter, UsernamePasswordAuthenticationFilter, DefaultLoginPageGeneratingFilter, DefaultLogoutPageGeneratingFilter, BasicAuthenticationFilter, RequestCacheAwareFilter, SecurityContextHolderAwareRequestFilter, AnonymousAuthenticationFilter, ExceptionTranslationFilter, AuthorizationFilter
2024-10-24T06:39:38.307Z DEBUG 6654 --- [demo] [           main] o.s.w.s.v.f.FreeMarkerConfigurer         : File system access not preferred: using SpringTemplateLoader
2024-10-24T06:39:38.421Z  INFO 6654 --- [demo] [           main] c.a.payment.DemoApplicationTests         : Started DemoApplicationTests in 2.517 seconds (process running for 3.392)
]]></system-out>
    <system-err><![CDATA[WARNING: A Java agent has been loaded dynamically (/home/codespace/.m2/repository/net/bytebuddy/byte-buddy-agent/1.14.19/byte-buddy-agent-1.14.19.jar)
WARNING: If a serviceability tool is in use, please run with -XX:+EnableDynamicAgentLoading to hide this warning
WARNING: If a serviceability tool is not in use, please run with -Djdk.instrument.traceUsage for more information
WARNING: Dynamic loading of agents will be disallowed by default in a future release
]]></system-err>
  </testcase>
</testsuite>